<?xml version="1.0" encoding="UTF-8"?>
<!-- Generated by org.testng.reporters.JUnitXMLReporter -->
<testsuite hostname="DESKTOP-ELE4DCA" ignored="0" name="Login Page Negative Test" tests="3" failures="0" timestamp="20 Apr 2021 13:50:51 GMT" time="42.447" errors="0">
  <testcase name="loginnegativetests" time="12.644" classname="com.qa.opencart.tests.LoginPageNegativeTests"/>
  <testcase name="loginnegativetests" time="10.08" classname="com.qa.opencart.tests.LoginPageNegativeTests"/>
  <testcase name="loginnegativetests" time="7.847" classname="com.qa.opencart.tests.LoginPageNegativeTests"/>
</testsuite> <!-- Login Page Negative Test -->
