<?xml version="1.0" encoding="UTF-8"?>
<!-- Generated by org.testng.reporters.JUnitXMLReporter -->
<testsuite hostname="DESKTOP-ELE4DCA" ignored="0" name="Login Page  Test" tests="4" failures="0" timestamp="14 Apr 2021 07:12:04 GMT" time="49.556" errors="0">
  <testcase name="loginpagetitletest" time="0.963" classname="com.qa.opencart.tests.LoginPageTest"/>
  <testcase name="loginpageurltest" time="0.007" classname="com.qa.opencart.tests.LoginPageTest"/>
  <testcase name="forgotpasswordexiststest" time="0.9" classname="com.qa.opencart.tests.LoginPageTest"/>
  <testcase name="logintest" time="9.451" classname="com.qa.opencart.tests.LoginPageTest"/>
</testsuite> <!-- Login Page  Test -->
