<?xml version="1.0" encoding="UTF-8"?>
<!-- Generated by org.testng.reporters.JUnitXMLReporter -->
<testsuite hostname="DESKTOP-ELE4DCA" ignored="1" name="Product Page Test" tests="6" failures="0" timestamp="20 Apr 2021 12:32:29 GMT" time="59.024" errors="0">
  <testcase name="getproductinfotest" time="8.363" classname="com.qa.opencart.tests.ProductInfoTest"/>
  <testcase name="prodcounttest" time="6.44" classname="com.qa.opencart.tests.ProductInfoTest"/>
  <testcase name="prodcounttest" time="5.92" classname="com.qa.opencart.tests.ProductInfoTest"/>
  <testcase name="prodcounttest" time="5.676" classname="com.qa.opencart.tests.ProductInfoTest"/>
  <testcase name="prodimagestest" time="6.057" classname="com.qa.opencart.tests.ProductInfoTest"/>
  <testcase name="prodinfotest" time="6.97" classname="com.qa.opencart.tests.ProductInfoTest"/>
  <testcase name="addtocarttest" time="0.0" classname="com.qa.opencart.tests.ProductInfoTest">
    <ignored/>
  </testcase> <!-- addtocarttest -->
</testsuite> <!-- Product Page Test -->
